c:\works\2. project\anoto_git\newlibs\xerces-c-3.1.4\build\win32\vc14\static debug\obj\xerceslib\bininputstream.obj
c:\works\2. project\anoto_git\newlibs\xerces-c-3.1.4\build\win32\vc14\static debug\obj\xerceslib\platformutils.obj
c:\works\2. project\anoto_git\newlibs\xerces-c-3.1.4\build\win32\vc14\static debug\obj\xerceslib\blockrangefactory.obj
c:\works\2. project\anoto_git\newlibs\xerces-c-3.1.4\build\win32\vc14\static debug\obj\xerceslib\opfactory.obj
c:\works\2. project\anoto_git\newlibs\xerces-c-3.1.4\build\win32\vc14\static debug\obj\xerceslib\rangetokenmap.obj
c:\works\2. project\anoto_git\newlibs\xerces-c-3.1.4\build\win32\vc14\static debug\obj\xerceslib\uniontoken.obj
c:\works\2. project\anoto_git\newlibs\xerces-c-3.1.4\build\win32\vc14\static debug\obj\xerceslib\windowsmutexmgr.obj
c:\works\2. project\anoto_git\newlibs\xerces-c-3.1.4\build\win32\vc14\static debug\obj\xerceslib\xmlvalidator.obj
c:\works\2. project\anoto_git\newlibs\xerces-c-3.1.4\build\win32\vc14\static debug\obj\xerceslib\xsmodelgroup.obj
c:\works\2. project\anoto_git\newlibs\xerces-c-3.1.4\build\win32\vc14\static debug\obj\xerceslib\xsmultivaluefacet.obj
c:\works\2. project\anoto_git\newlibs\xerces-c-3.1.4\build\win32\vc14\static debug\obj\xerceslib\xstypedefinition.obj
c:\works\2. project\anoto_git\newlibs\xerces-c-3.1.4\build\win32\vc14\static debug\obj\xerceslib\sgxmlscanner.obj
c:\works\2. project\anoto_git\newlibs\xerces-c-3.1.4\build\win32\vc14\static debug\obj\xerceslib\xsobjectfactory.obj
c:\works\2. project\anoto_git\newlibs\xerces-c-3.1.4\build\win32\vc14\static debug\obj\xerceslib\allcontentmodel.obj
c:\works\2. project\anoto_git\newlibs\xerces-c-3.1.4\build\win32\vc14\static debug\obj\xerceslib\contentleafnametypevector.obj
c:\works\2. project\anoto_git\newlibs\xerces-c-3.1.4\build\win32\vc14\static debug\obj\xerceslib\abstractnumericfacetvalidator.obj
c:\works\2. project\anoto_git\newlibs\xerces-c-3.1.4\build\win32\vc14\static debug\obj\xerceslib\decimaldatatypevalidator.obj
c:\works\2. project\anoto_git\newlibs\xerces-c-3.1.4\build\win32\vc14\static debug\obj\xerceslib\listdatatypevalidator.obj
c:\works\2. project\anoto_git\newlibs\xerces-c-3.1.4\build\win32\vc14\static debug\obj\xerceslib\timedatatypevalidator.obj
c:\works\2. project\anoto_git\newlibs\xerces-c-3.1.4\build\win32\vc14\static debug\obj\xerceslib\dtdgrammar.obj
c:\works\2. project\anoto_git\newlibs\xerces-c-3.1.4\build\win32\vc14\static debug\obj\xerceslib\schemaelementdecl.obj
c:\works\2. project\anoto_git\newlibs\xerces-c-3.1.4\build\win32\vc14\static debug\obj\xerceslib\xmlschemadescriptionimpl.obj
c:\works\2. project\anoto_git\newlibs\xerces-c-3.1.4\build\win32\vc14\static debug\obj\xerceslib\ic_unique.obj
c:\works\2. project\anoto_git\newlibs\xerces-c-3.1.4\build\win32\vc14\static debug\obj\xerceslib\xpathmatcherstack.obj
c:\works\2. project\anoto_git\newlibs\xerces-c-3.1.4\build\win32\vc14\static debug\obj\xerceslib\domexception.obj
c:\works\2. project\anoto_git\newlibs\xerces-c-3.1.4\build\win32\vc14\static debug\obj\xerceslib\domlsexception.obj
c:\works\2. project\anoto_git\newlibs\xerces-c-3.1.4\build\win32\vc14\static debug\obj\xerceslib\domattrmapimpl.obj
c:\works\2. project\anoto_git\newlibs\xerces-c-3.1.4\build\win32\vc14\static debug\obj\xerceslib\domdocumenttypeimpl.obj
c:\works\2. project\anoto_git\newlibs\xerces-c-3.1.4\build\win32\vc14\static debug\obj\xerceslib\domlsinputimpl.obj
c:\works\2. project\anoto_git\newlibs\xerces-c-3.1.4\build\win32\vc14\static debug\obj\xerceslib\domnotationimpl.obj
c:\works\2. project\anoto_git\newlibs\xerces-c-3.1.4\build\win32\vc14\static debug\obj\xerceslib\domtypeinfoimpl.obj
c:\works\2. project\anoto_git\newlibs\xerces-c-3.1.4\build\win32\vc14\static debug\obj\xerceslib\base64.obj
c:\works\2. project\anoto_git\newlibs\xerces-c-3.1.4\build\win32\vc14\static debug\obj\xerceslib\mutexes.obj
c:\works\2. project\anoto_git\newlibs\xerces-c-3.1.4\build\win32\vc14\static debug\obj\xerceslib\xmemory.obj
c:\works\2. project\anoto_git\newlibs\xerces-c-3.1.4\build\win32\vc14\static debug\obj\xerceslib\xml88591transcoder.obj
c:\works\2. project\anoto_git\newlibs\xerces-c-3.1.4\build\win32\vc14\static debug\obj\xerceslib\xmldatetime.obj
c:\works\2. project\anoto_git\newlibs\xerces-c-3.1.4\build\win32\vc14\static debug\obj\xerceslib\xmlnumber.obj
c:\works\2. project\anoto_git\newlibs\xerces-c-3.1.4\build\win32\vc14\static debug\obj\xerceslib\xmlwin1252transcoder.obj
c:\works\2. project\anoto_git\newlibs\xerces-c-3.1.4\build\win32\vc14\static debug\obj\xerceslib\bmpattern.obj
c:\works\2. project\anoto_git\newlibs\xerces-c-3.1.4\build\win32\vc14\static debug\obj\xerceslib\concattoken.obj
c:\works\2. project\anoto_git\newlibs\xerces-c-3.1.4\build\win32\vc14\static debug\obj\xerceslib\parserforxmlschema.obj
c:\works\2. project\anoto_git\newlibs\xerces-c-3.1.4\build\win32\vc14\static debug\obj\xerceslib\regxutil.obj
c:\works\2. project\anoto_git\newlibs\xerces-c-3.1.4\build\win32\vc14\static debug\obj\xerceslib\tokenfactory.obj
c:\works\2. project\anoto_git\newlibs\xerces-c-3.1.4\build\win32\vc14\static debug\obj\xerceslib\localfileinputsource.obj
c:\works\2. project\anoto_git\newlibs\xerces-c-3.1.4\build\win32\vc14\static debug\obj\xerceslib\xmlattdeflist.obj
c:\works\2. project\anoto_git\newlibs\xerces-c-3.1.4\build\win32\vc14\static debug\obj\xerceslib\xmlformatter.obj
c:\works\2. project\anoto_git\newlibs\xerces-c-3.1.4\build\win32\vc14\static debug\obj\xerceslib\xmlrecognizer.obj
c:\works\2. project\anoto_git\newlibs\xerces-c-3.1.4\build\win32\vc14\static debug\obj\xerceslib\psviattribute.obj
c:\works\2. project\anoto_git\newlibs\xerces-c-3.1.4\build\win32\vc14\static debug\obj\xerceslib\xsattributegroupdefinition.obj
c:\works\2. project\anoto_git\newlibs\xerces-c-3.1.4\build\win32\vc14\static debug\obj\xerceslib\xsnamespaceitem.obj
c:\works\2. project\anoto_git\newlibs\xerces-c-3.1.4\build\win32\vc14\static debug\obj\xerceslib\elemstack.obj
c:\works\2. project\anoto_git\newlibs\xerces-c-3.1.4\build\win32\vc14\static debug\obj\xerceslib\vecattrlistimpl.obj
c:\works\2. project\anoto_git\newlibs\xerces-c-3.1.4\build\win32\vc14\static debug\obj\xerceslib\xmlscanner.obj
c:\works\2. project\anoto_git\newlibs\xerces-c-3.1.4\build\win32\vc14\static debug\obj\xerceslib\sax2xmlfilterimpl.obj
c:\works\2. project\anoto_git\newlibs\xerces-c-3.1.4\build\win32\vc14\static debug\obj\xerceslib\cmany.obj
c:\works\2. project\anoto_git\newlibs\xerces-c-3.1.4\build\win32\vc14\static debug\obj\xerceslib\simplecontentmodel.obj
c:\works\2. project\anoto_git\newlibs\xerces-c-3.1.4\build\win32\vc14\static debug\obj\xerceslib\datatypevalidator.obj
c:\works\2. project\anoto_git\newlibs\xerces-c-3.1.4\build\win32\vc14\static debug\obj\xerceslib\entitydatatypevalidator.obj
c:\works\2. project\anoto_git\newlibs\xerces-c-3.1.4\build\win32\vc14\static debug\obj\xerceslib\namedatatypevalidator.obj
c:\works\2. project\anoto_git\newlibs\xerces-c-3.1.4\build\win32\vc14\static debug\obj\xerceslib\yearmonthdatatypevalidator.obj
c:\works\2. project\anoto_git\newlibs\xerces-c-3.1.4\build\win32\vc14\static debug\obj\xerceslib\dtdscanner.obj
c:\works\2. project\anoto_git\newlibs\xerces-c-3.1.4\build\win32\vc14\static debug\obj\xerceslib\substitutiongroupcomparator.obj
c:\works\2. project\anoto_git\newlibs\xerces-c-3.1.4\build\win32\vc14\static debug\obj\xerceslib\xsderrorreporter.obj
c:\works\2. project\anoto_git\newlibs\xerces-c-3.1.4\build\win32\vc14\static debug\obj\xerceslib\xsdlocator.obj
c:\works\2. project\anoto_git\newlibs\xerces-c-3.1.4\build\win32\vc14\static debug\obj\xerceslib\fieldactivator.obj
c:\works\2. project\anoto_git\newlibs\xerces-c-3.1.4\build\win32\vc14\static debug\obj\xerceslib\valuestore.obj
c:\works\2. project\anoto_git\newlibs\xerces-c-3.1.4\build\win32\vc14\static debug\obj\xerceslib\domcdatasectionimpl.obj
c:\works\2. project\anoto_git\newlibs\xerces-c-3.1.4\build\win32\vc14\static debug\obj\xerceslib\domelementnsimpl.obj
c:\works\2. project\anoto_git\newlibs\xerces-c-3.1.4\build\win32\vc14\static debug\obj\xerceslib\domlocatorimpl.obj
c:\works\2. project\anoto_git\newlibs\xerces-c-3.1.4\build\win32\vc14\static debug\obj\xerceslib\domnodeidmap.obj
c:\works\2. project\anoto_git\newlibs\xerces-c-3.1.4\build\win32\vc14\static debug\obj\xerceslib\domnodevector.obj
c:\works\2. project\anoto_git\newlibs\xerces-c-3.1.4\build\win32\vc14\static debug\obj\xerceslib\domtreewalkerimpl.obj
c:\works\2. project\anoto_git\newlibs\xerces-c-3.1.4\build\win32\vc14\static debug\obj\xerceslib\xincludeutils.obj
c:\works\2. project\anoto_git\newlibs\xerces-c-3.1.4\build\win32\vc14\static debug\obj\xerceslib\encodingvalidator.obj
c:\works\2. project\anoto_git\newlibs\xerces-c-3.1.4\build\win32\vc14\static debug\obj\xerceslib\qname.obj
c:\works\2. project\anoto_git\newlibs\xerces-c-3.1.4\build\win32\vc14\static debug\obj\xerceslib\xmlasciitranscoder.obj
c:\works\2. project\anoto_git\newlibs\xerces-c-3.1.4\build\win32\vc14\static debug\obj\xerceslib\xmldouble.obj
c:\works\2. project\anoto_git\newlibs\xerces-c-3.1.4\build\win32\vc14\static debug\obj\xerceslib\xmlmsgloader.obj
c:\works\2. project\anoto_git\newlibs\xerces-c-3.1.4\build\win32\vc14\static debug\obj\xerceslib\xmluri.obj
c:\works\2. project\anoto_git\newlibs\xerces-c-3.1.4\build\win32\vc14\static debug\obj\xerceslib\binhttpurlinputstream.obj
c:\works\2. project\anoto_git\newlibs\xerces-c-3.1.4\build\win32\vc14\static debug\obj\xerceslib\membufformattarget.obj
c:\works\2. project\anoto_git\newlibs\xerces-c-3.1.4\build\win32\vc14\static debug\obj\xerceslib\wrapper4inputsource.obj
c:\works\2. project\anoto_git\newlibs\xerces-c-3.1.4\build\win32\vc14\static debug\obj\xerceslib\xmlbuffermgr.obj
c:\works\2. project\anoto_git\newlibs\xerces-c-3.1.4\build\win32\vc14\static debug\obj\xerceslib\xmlelementdecl.obj
c:\works\2. project\anoto_git\newlibs\xerces-c-3.1.4\build\win32\vc14\static debug\obj\xerceslib\xmlschemadescription.obj
c:\works\2. project\anoto_git\newlibs\xerces-c-3.1.4\build\win32\vc14\static debug\obj\xerceslib\xscomplextypedefinition.obj
c:\works\2. project\anoto_git\newlibs\xerces-c-3.1.4\build\win32\vc14\static debug\obj\xerceslib\xsnotationdeclaration.obj
c:\works\2. project\anoto_git\newlibs\xerces-c-3.1.4\build\win32\vc14\static debug\obj\xerceslib\binmemoutputstream.obj
c:\works\2. project\anoto_git\newlibs\xerces-c-3.1.4\build\win32\vc14\static debug\obj\xerceslib\igxmlscanner.obj
c:\works\2. project\anoto_git\newlibs\xerces-c-3.1.4\build\win32\vc14\static debug\obj\xerceslib\xprototype.obj
c:\works\2. project\anoto_git\newlibs\xerces-c-3.1.4\build\win32\vc14\static debug\obj\xerceslib\dummy.obj
c:\works\2. project\anoto_git\newlibs\xerces-c-3.1.4\build\win32\vc14\static debug\obj\xerceslib\saxexception.obj
c:\works\2. project\anoto_git\newlibs\xerces-c-3.1.4\build\win32\vc14\static debug\obj\xerceslib\abstractdomparser.obj
c:\works\2. project\anoto_git\newlibs\xerces-c-3.1.4\build\win32\vc14\static debug\obj\xerceslib\grammarresolver.obj
c:\works\2. project\anoto_git\newlibs\xerces-c-3.1.4\build\win32\vc14\static debug\obj\xerceslib\booleandatatypevalidator.obj
c:\works\2. project\anoto_git\newlibs\xerces-c-3.1.4\build\win32\vc14\static debug\obj\xerceslib\daydatatypevalidator.obj
c:\works\2. project\anoto_git\newlibs\xerces-c-3.1.4\build\win32\vc14\static debug\obj\xerceslib\idrefdatatypevalidator.obj
c:\works\2. project\anoto_git\newlibs\xerces-c-3.1.4\build\win32\vc14\static debug\obj\xerceslib\qnamedatatypevalidator.obj
c:\works\2. project\anoto_git\newlibs\xerces-c-3.1.4\build\win32\vc14\static debug\obj\xerceslib\dtdattdef.obj
c:\works\2. project\anoto_git\newlibs\xerces-c-3.1.4\build\win32\vc14\static debug\obj\xerceslib\xmldtddescriptionimpl.obj
c:\works\2. project\anoto_git\newlibs\xerces-c-3.1.4\build\win32\vc14\static debug\obj\xerceslib\schemaattdeflist.obj
c:\works\2. project\anoto_git\newlibs\xerces-c-3.1.4\build\win32\vc14\static debug\obj\xerceslib\xercesgroupinfo.obj
c:\works\2. project\anoto_git\newlibs\xerces-c-3.1.4\build\win32\vc14\static debug\obj\xerceslib\ic_keyref.obj
c:\works\2. project\anoto_git\newlibs\xerces-c-3.1.4\build\win32\vc14\static debug\obj\xerceslib\xpathmatcher.obj
c:\works\2. project\anoto_git\newlibs\xerces-c-3.1.4\build\win32\vc14\static debug\obj\xerceslib\domattrimpl.obj
c:\works\2. project\anoto_git\newlibs\xerces-c-3.1.4\build\win32\vc14\static debug\obj\xerceslib\domdocumentimpl.obj
c:\works\2. project\anoto_git\newlibs\xerces-c-3.1.4\build\win32\vc14\static debug\obj\xerceslib\domnodeimpl.obj
c:\works\2. project\anoto_git\newlibs\xerces-c-3.1.4\build\win32\vc14\static debug\obj\xerceslib\domprocessinginstructionimpl.obj
c:\works\2. project\anoto_git\newlibs\xerces-c-3.1.4\build\win32\vc14\static debug\obj\xerceslib\domxpathexpressionimpl.obj
c:\works\2. project\anoto_git\newlibs\xerces-c-3.1.4\build\win32\vc14\static debug\obj\xerceslib\binfileinputstream.obj
c:\works\2. project\anoto_git\newlibs\xerces-c-3.1.4\build\win32\vc14\static debug\obj\xerceslib\panichandler.obj
c:\works\2. project\anoto_git\newlibs\xerces-c-3.1.4\build\win32\vc14\static debug\obj\xerceslib\synchronizedstringpool.obj
c:\works\2. project\anoto_git\newlibs\xerces-c-3.1.4\build\win32\vc14\static debug\obj\xerceslib\xmlbiginteger.obj
c:\works\2. project\anoto_git\newlibs\xerces-c-3.1.4\build\win32\vc14\static debug\obj\xerceslib\xmlfloat.obj
c:\works\2. project\anoto_git\newlibs\xerces-c-3.1.4\build\win32\vc14\static debug\obj\xerceslib\xmlucs4transcoder.obj
c:\works\2. project\anoto_git\newlibs\xerces-c-3.1.4\build\win32\vc14\static debug\obj\xerceslib\inmemmsgloader.obj
c:\works\2. project\anoto_git\newlibs\xerces-c-3.1.4\build\win32\vc14\static debug\obj\xerceslib\chartoken.obj
c:\works\2. project\anoto_git\newlibs\xerces-c-3.1.4\build\win32\vc14\static debug\obj\xerceslib\closuretoken.obj
c:\works\2. project\anoto_git\newlibs\xerces-c-3.1.4\build\win32\vc14\static debug\obj\xerceslib\parentoken.obj
c:\works\2. project\anoto_git\newlibs\xerces-c-3.1.4\build\win32\vc14\static debug\obj\xerceslib\regularexpression.obj
c:\works\2. project\anoto_git\newlibs\xerces-c-3.1.4\build\win32\vc14\static debug\obj\xerceslib\token.obj
c:\works\2. project\anoto_git\newlibs\xerces-c-3.1.4\build\win32\vc14\static debug\obj\xerceslib\xmlunicharacter.obj
c:\works\2. project\anoto_git\newlibs\xerces-c-3.1.4\build\win32\vc14\static debug\obj\xerceslib\membufinputsource.obj
c:\works\2. project\anoto_git\newlibs\xerces-c-3.1.4\build\win32\vc14\static debug\obj\xerceslib\wrapper4domlsinput.obj
c:\works\2. project\anoto_git\newlibs\xerces-c-3.1.4\build\win32\vc14\static debug\obj\xerceslib\xmlcontentmodel.obj
c:\works\2. project\anoto_git\newlibs\xerces-c-3.1.4\build\win32\vc14\static debug\obj\xerceslib\xmlgrammarpoolimpl.obj
c:\works\2. project\anoto_git\newlibs\xerces-c-3.1.4\build\win32\vc14\static debug\obj\xerceslib\xsattributeuse.obj
c:\works\2. project\anoto_git\newlibs\xerces-c-3.1.4\build\win32\vc14\static debug\obj\xerceslib\xsidcdefinition.obj
c:\works\2. project\anoto_git\newlibs\xerces-c-3.1.4\build\win32\vc14\static debug\obj\xerceslib\xssimpletypedefinition.obj
c:\works\2. project\anoto_git\newlibs\xerces-c-3.1.4\build\win32\vc14\static debug\obj\xerceslib\igxmlscanner2.obj
c:\works\2. project\anoto_git\newlibs\xerces-c-3.1.4\build\win32\vc14\static debug\obj\xerceslib\xserializeengine.obj
c:\works\2. project\anoto_git\newlibs\xerces-c-3.1.4\build\win32\vc14\static debug\obj\xerceslib\xercesdomparser.obj
c:\works\2. project\anoto_git\newlibs\xerces-c-3.1.4\build\win32\vc14\static debug\obj\xerceslib\cmunaryop.obj
c:\works\2. project\anoto_git\newlibs\xerces-c-3.1.4\build\win32\vc14\static debug\obj\xerceslib\abstractstringvalidator.obj
c:\works\2. project\anoto_git\newlibs\xerces-c-3.1.4\build\win32\vc14\static debug\obj\xerceslib\doubledatatypevalidator.obj
c:\works\2. project\anoto_git\newlibs\xerces-c-3.1.4\build\win32\vc14\static debug\obj\xerceslib\iddatatypevalidator.obj
c:\works\2. project\anoto_git\newlibs\xerces-c-3.1.4\build\win32\vc14\static debug\obj\xerceslib\stringdatatypevalidator.obj
c:\works\2. project\anoto_git\newlibs\xerces-c-3.1.4\build\win32\vc14\static debug\obj\xerceslib\dtdelementdecl.obj
c:\works\2. project\anoto_git\newlibs\xerces-c-3.1.4\build\win32\vc14\static debug\obj\xerceslib\namespacescope.obj
c:\works\2. project\anoto_git\newlibs\xerces-c-3.1.4\build\win32\vc14\static debug\obj\xerceslib\schemagrammar.obj
c:\works\2. project\anoto_git\newlibs\xerces-c-3.1.4\build\win32\vc14\static debug\obj\xerceslib\xsddomparser.obj
c:\works\2. project\anoto_git\newlibs\xerces-c-3.1.4\build\win32\vc14\static debug\obj\xerceslib\xercesxpath.obj
c:\works\2. project\anoto_git\newlibs\xerces-c-3.1.4\build\win32\vc14\static debug\obj\xerceslib\domcommentimpl.obj
c:\works\2. project\anoto_git\newlibs\xerces-c-3.1.4\build\win32\vc14\static debug\obj\xerceslib\domentityreferenceimpl.obj
c:\works\2. project\anoto_git\newlibs\xerces-c-3.1.4\build\win32\vc14\static debug\obj\xerceslib\domlsoutputimpl.obj
c:\works\2. project\anoto_git\newlibs\xerces-c-3.1.4\build\win32\vc14\static debug\obj\xerceslib\domrangeimpl.obj
c:\works\2. project\anoto_git\newlibs\xerces-c-3.1.4\build\win32\vc14\static debug\obj\xerceslib\xsdelementnsimpl.obj
c:\works\2. project\anoto_git\newlibs\xerces-c-3.1.4\build\win32\vc14\static debug\obj\xerceslib\bitset.obj
c:\works\2. project\anoto_git\newlibs\xerces-c-3.1.4\build\win32\vc14\static debug\obj\xerceslib\stringpool.obj
c:\works\2. project\anoto_git\newlibs\xerces-c-3.1.4\build\win32\vc14\static debug\obj\xerceslib\xmlbigdecimal.obj
c:\works\2. project\anoto_git\newlibs\xerces-c-3.1.4\build\win32\vc14\static debug\obj\xerceslib\xmlebcdictranscoder.obj
c:\works\2. project\anoto_git\newlibs\xerces-c-3.1.4\build\win32\vc14\static debug\obj\xerceslib\xmlstring.obj
c:\works\2. project\anoto_git\newlibs\xerces-c-3.1.4\build\win32\vc14\static debug\obj\xerceslib\win32transservice.obj
c:\works\2. project\anoto_git\newlibs\xerces-c-3.1.4\build\win32\vc14\static debug\obj\xerceslib\localfileformattarget.obj
c:\works\2. project\anoto_git\newlibs\xerces-c-3.1.4\build\win32\vc14\static debug\obj\xerceslib\urlinputsource.obj
c:\works\2. project\anoto_git\newlibs\xerces-c-3.1.4\build\win32\vc14\static debug\obj\xerceslib\xmlbuffer.obj
c:\works\2. project\anoto_git\newlibs\xerces-c-3.1.4\build\win32\vc14\static debug\obj\xerceslib\xmldtddescription.obj
c:\works\2. project\anoto_git\newlibs\xerces-c-3.1.4\build\win32\vc14\static debug\obj\xerceslib\xmlrefinfo.obj
c:\works\2. project\anoto_git\newlibs\xerces-c-3.1.4\build\win32\vc14\static debug\obj\xerceslib\psviitem.obj
c:\works\2. project\anoto_git\newlibs\xerces-c-3.1.4\build\win32\vc14\static debug\obj\xerceslib\xsfacet.obj
c:\works\2. project\anoto_git\newlibs\xerces-c-3.1.4\build\win32\vc14\static debug\obj\xerceslib\xsmodel.obj
c:\works\2. project\anoto_git\newlibs\xerces-c-3.1.4\build\win32\vc14\static debug\obj\xerceslib\binfileoutputstream.obj
c:\works\2. project\anoto_git\newlibs\xerces-c-3.1.4\build\win32\vc14\static debug\obj\xerceslib\dgxmlscanner.obj
c:\works\2. project\anoto_git\newlibs\xerces-c-3.1.4\build\win32\vc14\static debug\obj\xerceslib\xmlreader.obj
c:\works\2. project\anoto_git\newlibs\xerces-c-3.1.4\build\win32\vc14\static debug\obj\xerceslib\xtemplateserializer.obj
c:\works\2. project\anoto_git\newlibs\xerces-c-3.1.4\build\win32\vc14\static debug\obj\xerceslib\cmbinaryop.obj
c:\works\2. project\anoto_git\newlibs\xerces-c-3.1.4\build\win32\vc14\static debug\obj\xerceslib\mixedcontentmodel.obj
c:\works\2. project\anoto_git\newlibs\xerces-c-3.1.4\build\win32\vc14\static debug\obj\xerceslib\base64binarydatatypevalidator.obj
c:\works\2. project\anoto_git\newlibs\xerces-c-3.1.4\build\win32\vc14\static debug\obj\xerceslib\datetimevalidator.obj
c:\works\2. project\anoto_git\newlibs\xerces-c-3.1.4\build\win32\vc14\static debug\obj\xerceslib\hexbinarydatatypevalidator.obj
c:\works\2. project\anoto_git\newlibs\xerces-c-3.1.4\build\win32\vc14\static debug\obj\xerceslib\notationdatatypevalidator.obj
c:\works\2. project\anoto_git\newlibs\xerces-c-3.1.4\build\win32\vc14\static debug\obj\xerceslib\dtdattdeflist.obj
c:\works\2. project\anoto_git\newlibs\xerces-c-3.1.4\build\win32\vc14\static debug\obj\xerceslib\schemaattdef.obj
c:\works\2. project\anoto_git\newlibs\xerces-c-3.1.4\build\win32\vc14\static debug\obj\xerceslib\xercesattgroupinfo.obj
c:\works\2. project\anoto_git\newlibs\xerces-c-3.1.4\build\win32\vc14\static debug\obj\xerceslib\ic_field.obj
c:\works\2. project\anoto_git\newlibs\xerces-c-3.1.4\build\win32\vc14\static debug\obj\xerceslib\valuestorecache.obj
c:\works\2. project\anoto_git\newlibs\xerces-c-3.1.4\build\win32\vc14\static debug\obj\xerceslib\domrangeexception.obj
c:\works\2. project\anoto_git\newlibs\xerces-c-3.1.4\build\win32\vc14\static debug\obj\xerceslib\domcharacterdataimpl.obj
c:\works\2. project\anoto_git\newlibs\xerces-c-3.1.4\build\win32\vc14\static debug\obj\xerceslib\domentityimpl.obj
c:\works\2. project\anoto_git\newlibs\xerces-c-3.1.4\build\win32\vc14\static debug\obj\xerceslib\domimplementationregistry.obj
c:\works\2. project\anoto_git\newlibs\xerces-c-3.1.4\build\win32\vc14\static debug\obj\xerceslib\domnodeiteratorimpl.obj
c:\works\2. project\anoto_git\newlibs\xerces-c-3.1.4\build\win32\vc14\static debug\obj\xerceslib\domparentnode.obj
c:\works\2. project\anoto_git\newlibs\xerces-c-3.1.4\build\win32\vc14\static debug\obj\xerceslib\domxpathnsresolverimpl.obj
c:\works\2. project\anoto_git\newlibs\xerces-c-3.1.4\build\win32\vc14\static debug\obj\xerceslib\defaultpanichandler.obj
c:\works\2. project\anoto_git\newlibs\xerces-c-3.1.4\build\win32\vc14\static debug\obj\xerceslib\hexbin.obj
c:\works\2. project\anoto_git\newlibs\xerces-c-3.1.4\build\win32\vc14\static debug\obj\xerceslib\xml256tabletranscoder.obj
c:\works\2. project\anoto_git\newlibs\xerces-c-3.1.4\build\win32\vc14\static debug\obj\xerceslib\xmlchar.obj
c:\works\2. project\anoto_git\newlibs\xerces-c-3.1.4\build\win32\vc14\static debug\obj\xerceslib\xmlibm1140transcoder.obj
c:\works\2. project\anoto_git\newlibs\xerces-c-3.1.4\build\win32\vc14\static debug\obj\xerceslib\xmlurl.obj
c:\works\2. project\anoto_git\newlibs\xerces-c-3.1.4\build\win32\vc14\static debug\obj\xerceslib\asciirangefactory.obj
c:\works\2. project\anoto_git\newlibs\xerces-c-3.1.4\build\win32\vc14\static debug\obj\xerceslib\op.obj
c:\works\2. project\anoto_git\newlibs\xerces-c-3.1.4\build\win32\vc14\static debug\obj\xerceslib\rangetoken.obj
c:\works\2. project\anoto_git\newlibs\xerces-c-3.1.4\build\win32\vc14\static debug\obj\xerceslib\stringtoken.obj
c:\works\2. project\anoto_git\newlibs\xerces-c-3.1.4\build\win32\vc14\static debug\obj\xerceslib\xmlrangefactory.obj
c:\works\2. project\anoto_git\newlibs\xerces-c-3.1.4\build\win32\vc14\static debug\obj\xerceslib\stdoutformattarget.obj
c:\works\2. project\anoto_git\newlibs\xerces-c-3.1.4\build\win32\vc14\static debug\obj\xerceslib\xmlattr.obj
c:\works\2. project\anoto_git\newlibs\xerces-c-3.1.4\build\win32\vc14\static debug\obj\xerceslib\xmlgrammardescription.obj
c:\works\2. project\anoto_git\newlibs\xerces-c-3.1.4\build\win32\vc14\static debug\obj\xerceslib\psvielement.obj
c:\works\2. project\anoto_git\newlibs\xerces-c-3.1.4\build\win32\vc14\static debug\obj\xerceslib\xsattributedeclaration.obj
c:\works\2. project\anoto_git\newlibs\xerces-c-3.1.4\build\win32\vc14\static debug\obj\xerceslib\xsparticle.obj
c:\works\2. project\anoto_git\newlibs\xerces-c-3.1.4\build\win32\vc14\static debug\obj\xerceslib\xswildcard.obj
c:\works\2. project\anoto_git\newlibs\xerces-c-3.1.4\build\win32\vc14\static debug\obj\xerceslib\vecattributesimpl.obj
c:\works\2. project\anoto_git\newlibs\xerces-c-3.1.4\build\win32\vc14\static debug\obj\xerceslib\xmlscannerresolver.obj
c:\works\2. project\anoto_git\newlibs\xerces-c-3.1.4\build\win32\vc14\static debug\obj\xerceslib\domlsparserimpl.obj
c:\works\2. project\anoto_git\newlibs\xerces-c-3.1.4\build\win32\vc14\static debug\obj\xerceslib\contentspecnode.obj
c:\works\2. project\anoto_git\newlibs\xerces-c-3.1.4\build\win32\vc14\static debug\obj\xerceslib\abstractnumericvalidator.obj
c:\works\2. project\anoto_git\newlibs\xerces-c-3.1.4\build\win32\vc14\static debug\obj\xerceslib\datatypevalidatorfactory.obj
c:\works\2. project\anoto_git\newlibs\xerces-c-3.1.4\build\win32\vc14\static debug\obj\xerceslib\monthdatatypevalidator.obj
c:\works\2. project\anoto_git\newlibs\xerces-c-3.1.4\build\win32\vc14\static debug\obj\xerceslib\uniondatatypevalidator.obj
c:\works\2. project\anoto_git\newlibs\xerces-c-3.1.4\build\win32\vc14\static debug\obj\xerceslib\dtdvalidator.obj
c:\works\2. project\anoto_git\newlibs\xerces-c-3.1.4\build\win32\vc14\static debug\obj\xerceslib\schemainfo.obj
c:\works\2. project\anoto_git\newlibs\xerces-c-3.1.4\build\win32\vc14\static debug\obj\xerceslib\xerceselementwildcard.obj
c:\works\2. project\anoto_git\newlibs\xerces-c-3.1.4\build\win32\vc14\static debug\obj\xerceslib\fieldvaluemap.obj
c:\works\2. project\anoto_git\newlibs\xerces-c-3.1.4\build\win32\vc14\static debug\obj\xerceslib\ic_selector.obj
c:\works\2. project\anoto_git\newlibs\xerces-c-3.1.4\build\win32\vc14\static debug\obj\xerceslib\xpathsymbols.obj
c:\works\2. project\anoto_git\newlibs\xerces-c-3.1.4\build\win32\vc14\static debug\obj\xerceslib\sax2dummy.obj
c:\works\2. project\anoto_git\newlibs\xerces-c-3.1.4\build\win32\vc14\static debug\obj\xerceslib\domchildnode.obj
c:\works\2. project\anoto_git\newlibs\xerces-c-3.1.4\build\win32\vc14\static debug\obj\xerceslib\domdeepnodelistimpl.obj
c:\works\2. project\anoto_git\newlibs\xerces-c-3.1.4\build\win32\vc14\static debug\obj\xerceslib\domerrorimpl.obj
c:\works\2. project\anoto_git\newlibs\xerces-c-3.1.4\build\win32\vc14\static debug\obj\xerceslib\domimplementationlistimpl.obj
c:\works\2. project\anoto_git\newlibs\xerces-c-3.1.4\build\win32\vc14\static debug\obj\xerceslib\domnamednodemapimpl.obj
c:\works\2. project\anoto_git\newlibs\xerces-c-3.1.4\build\win32\vc14\static debug\obj\xerceslib\domnodelistimpl.obj
c:\works\2. project\anoto_git\newlibs\xerces-c-3.1.4\build\win32\vc14\static debug\obj\xerceslib\domstringlistimpl.obj
c:\works\2. project\anoto_git\newlibs\xerces-c-3.1.4\build\win32\vc14\static debug\obj\xerceslib\domtextimpl.obj
c:\works\2. project\anoto_git\newlibs\xerces-c-3.1.4\build\win32\vc14\static debug\obj\xerceslib\binmeminputstream.obj
c:\works\2. project\anoto_git\newlibs\xerces-c-3.1.4\build\win32\vc14\static debug\obj\xerceslib\kvstringpair.obj
c:\works\2. project\anoto_git\newlibs\xerces-c-3.1.4\build\win32\vc14\static debug\obj\xerceslib\xmlabstractdoublefloat.obj
c:\works\2. project\anoto_git\newlibs\xerces-c-3.1.4\build\win32\vc14\static debug\obj\xerceslib\xmlexception.obj
c:\works\2. project\anoto_git\newlibs\xerces-c-3.1.4\build\win32\vc14\static debug\obj\xerceslib\xmlinitializer.obj
c:\works\2. project\anoto_git\newlibs\xerces-c-3.1.4\build\win32\vc14\static debug\obj\xerceslib\xmlstringtokenizer.obj
c:\works\2. project\anoto_git\newlibs\xerces-c-3.1.4\build\win32\vc14\static debug\obj\xerceslib\xmlutf8transcoder.obj
c:\works\2. project\anoto_git\newlibs\xerces-c-3.1.4\build\win32\vc14\static debug\obj\xerceslib\winsocknetaccessor.obj
c:\works\2. project\anoto_git\newlibs\xerces-c-3.1.4\build\win32\vc14\static debug\obj\xerceslib\windowsfilemgr.obj
c:\works\2. project\anoto_git\newlibs\xerces-c-3.1.4\build\win32\vc14\static debug\obj\xerceslib\psviattributelist.obj
c:\works\2. project\anoto_git\newlibs\xerces-c-3.1.4\build\win32\vc14\static debug\obj\xerceslib\xselementdeclaration.obj
c:\works\2. project\anoto_git\newlibs\xerces-c-3.1.4\build\win32\vc14\static debug\obj\xerceslib\xsobject.obj
c:\works\2. project\anoto_git\newlibs\xerces-c-3.1.4\build\win32\vc14\static debug\obj\xerceslib\binoutputstream.obj
c:\works\2. project\anoto_git\newlibs\xerces-c-3.1.4\build\win32\vc14\static debug\obj\xerceslib\memorymanagerimpl.obj
c:\works\2. project\anoto_git\newlibs\xerces-c-3.1.4\build\win32\vc14\static debug\obj\xerceslib\validationcontextimpl.obj
c:\works\2. project\anoto_git\newlibs\xerces-c-3.1.4\build\win32\vc14\static debug\obj\xerceslib\xsaxmlscanner.obj
c:\works\2. project\anoto_git\newlibs\xerces-c-3.1.4\build\win32\vc14\static debug\obj\xerceslib\sax2xmlreaderimpl.obj
c:\works\2. project\anoto_git\newlibs\xerces-c-3.1.4\build\win32\vc14\static debug\obj\xerceslib\dfacontentmodel.obj
c:\works\2. project\anoto_git\newlibs\xerces-c-3.1.4\build\win32\vc14\static debug\obj\xerceslib\anysimpletypedatatypevalidator.obj
c:\works\2. project\anoto_git\newlibs\xerces-c-3.1.4\build\win32\vc14\static debug\obj\xerceslib\datedatatypevalidator.obj
c:\works\2. project\anoto_git\newlibs\xerces-c-3.1.4\build\win32\vc14\static debug\obj\xerceslib\durationdatatypevalidator.obj
c:\works\2. project\anoto_git\newlibs\xerces-c-3.1.4\build\win32\vc14\static debug\obj\xerceslib\monthdaydatatypevalidator.obj
c:\works\2. project\anoto_git\newlibs\xerces-c-3.1.4\build\win32\vc14\static debug\obj\xerceslib\xmlcanrepgroup.obj
c:\works\2. project\anoto_git\newlibs\xerces-c-3.1.4\build\win32\vc14\static debug\obj\xerceslib\dtdentitydecl.obj
c:\works\2. project\anoto_git\newlibs\xerces-c-3.1.4\build\win32\vc14\static debug\obj\xerceslib\generalattributecheck.obj
c:\works\2. project\anoto_git\newlibs\xerces-c-3.1.4\build\win32\vc14\static debug\obj\xerceslib\schemasymbols.obj
c:\works\2. project\anoto_git\newlibs\xerces-c-3.1.4\build\win32\vc14\static debug\obj\xerceslib\traverseschema.obj
c:\works\2. project\anoto_git\newlibs\xerces-c-3.1.4\build\win32\vc14\static debug\obj\xerceslib\identityconstraint.obj
c:\works\2. project\anoto_git\newlibs\xerces-c-3.1.4\build\win32\vc14\static debug\obj\xerceslib\domattrnsimpl.obj
c:\works\2. project\anoto_git\newlibs\xerces-c-3.1.4\build\win32\vc14\static debug\obj\xerceslib\domelementimpl.obj
c:\works\2. project\anoto_git\newlibs\xerces-c-3.1.4\build\win32\vc14\static debug\obj\xerceslib\domlsserializerimpl.obj
c:\works\2. project\anoto_git\newlibs\xerces-c-3.1.4\build\win32\vc14\static debug\obj\xerceslib\domstringpool.obj
c:\works\2. project\anoto_git\newlibs\xerces-c-3.1.4\build\win32\vc14\static debug\obj\xerceslib\xincludedomdocumentprocessor.obj
c:\works\2. project\anoto_git\newlibs\xerces-c-3.1.4\build\win32\vc14\static debug\obj\xerceslib\headerdummy.obj
c:\works\2. project\anoto_git\newlibs\xerces-c-3.1.4\build\win32\vc14\static debug\obj\xerceslib\psviuni.obj
c:\works\2. project\anoto_git\newlibs\xerces-c-3.1.4\build\win32\vc14\static debug\obj\xerceslib\transservice.obj
c:\works\2. project\anoto_git\newlibs\xerces-c-3.1.4\build\win32\vc14\static debug\obj\xerceslib\xmlchtranscoder.obj
c:\works\2. project\anoto_git\newlibs\xerces-c-3.1.4\build\win32\vc14\static debug\obj\xerceslib\xmlibm1047transcoder.obj
c:\works\2. project\anoto_git\newlibs\xerces-c-3.1.4\build\win32\vc14\static debug\obj\xerceslib\xmluni.obj
c:\works\2. project\anoto_git\newlibs\xerces-c-3.1.4\build\win32\vc14\static debug\obj\xerceslib\xmlutf16transcoder.obj
c:\works\2. project\anoto_git\newlibs\xerces-c-3.1.4\build\win32\vc14\static debug\obj\xerceslib\binhttpinputstreamcommon.obj
c:\works\2. project\anoto_git\newlibs\xerces-c-3.1.4\build\win32\vc14\static debug\obj\xerceslib\match.obj
c:\works\2. project\anoto_git\newlibs\xerces-c-3.1.4\build\win32\vc14\static debug\obj\xerceslib\rangefactory.obj
c:\works\2. project\anoto_git\newlibs\xerces-c-3.1.4\build\win32\vc14\static debug\obj\xerceslib\regxparser.obj
c:\works\2. project\anoto_git\newlibs\xerces-c-3.1.4\build\win32\vc14\static debug\obj\xerceslib\unicoderangefactory.obj
c:\works\2. project\anoto_git\newlibs\xerces-c-3.1.4\build\win32\vc14\static debug\obj\xerceslib\stdininputsource.obj
c:\works\2. project\anoto_git\newlibs\xerces-c-3.1.4\build\win32\vc14\static debug\obj\xerceslib\xmlattdef.obj
c:\works\2. project\anoto_git\newlibs\xerces-c-3.1.4\build\win32\vc14\static debug\obj\xerceslib\xmlentitydecl.obj
c:\works\2. project\anoto_git\newlibs\xerces-c-3.1.4\build\win32\vc14\static debug\obj\xerceslib\xmlnotationdecl.obj
c:\works\2. project\anoto_git\newlibs\xerces-c-3.1.4\build\win32\vc14\static debug\obj\xerceslib\xsannotation.obj
c:\works\2. project\anoto_git\newlibs\xerces-c-3.1.4\build\win32\vc14\static debug\obj\xerceslib\xsmodelgroupdefinition.obj
c:\works\2. project\anoto_git\newlibs\xerces-c-3.1.4\build\win32\vc14\static debug\obj\xerceslib\xsvalue.obj
c:\works\2. project\anoto_git\newlibs\xerces-c-3.1.4\build\win32\vc14\static debug\obj\xerceslib\readermgr.obj
c:\works\2. project\anoto_git\newlibs\xerces-c-3.1.4\build\win32\vc14\static debug\obj\xerceslib\wfxmlscanner.obj
c:\works\2. project\anoto_git\newlibs\xerces-c-3.1.4\build\win32\vc14\static debug\obj\xerceslib\inputsource.obj
c:\works\2. project\anoto_git\newlibs\xerces-c-3.1.4\build\win32\vc14\static debug\obj\xerceslib\saxparseexception.obj
c:\works\2. project\anoto_git\newlibs\xerces-c-3.1.4\build\win32\vc14\static debug\obj\xerceslib\saxparser.obj
c:\works\2. project\anoto_git\newlibs\xerces-c-3.1.4\build\win32\vc14\static debug\obj\xerceslib\grammar.obj
c:\works\2. project\anoto_git\newlibs\xerces-c-3.1.4\build\win32\vc14\static debug\obj\xerceslib\anyuridatatypevalidator.obj
c:\works\2. project\anoto_git\newlibs\xerces-c-3.1.4\build\win32\vc14\static debug\obj\xerceslib\datetimedatatypevalidator.obj
c:\works\2. project\anoto_git\newlibs\xerces-c-3.1.4\build\win32\vc14\static debug\obj\xerceslib\floatdatatypevalidator.obj
c:\works\2. project\anoto_git\newlibs\xerces-c-3.1.4\build\win32\vc14\static debug\obj\xerceslib\ncnamedatatypevalidator.obj
c:\works\2. project\anoto_git\newlibs\xerces-c-3.1.4\build\win32\vc14\static debug\obj\xerceslib\yeardatatypevalidator.obj
c:\works\2. project\anoto_git\newlibs\xerces-c-3.1.4\build\win32\vc14\static debug\obj\xerceslib\complextypeinfo.obj
c:\works\2. project\anoto_git\newlibs\xerces-c-3.1.4\build\win32\vc14\static debug\obj\xerceslib\schemavalidator.obj
c:\works\2. project\anoto_git\newlibs\xerces-c-3.1.4\build\win32\vc14\static debug\obj\xerceslib\xutil.obj
c:\works\2. project\anoto_git\newlibs\xerces-c-3.1.4\build\win32\vc14\static debug\obj\xerceslib\ic_key.obj
c:\works\2. project\anoto_git\newlibs\xerces-c-3.1.4\build\win32\vc14\static debug\obj\xerceslib\identityconstrainthandler.obj
c:\works\2. project\anoto_git\newlibs\xerces-c-3.1.4\build\win32\vc14\static debug\obj\xerceslib\domxpathexception.obj
c:\works\2. project\anoto_git\newlibs\xerces-c-3.1.4\build\win32\vc14\static debug\obj\xerceslib\domconfigurationimpl.obj
c:\works\2. project\anoto_git\newlibs\xerces-c-3.1.4\build\win32\vc14\static debug\obj\xerceslib\domdocumentfragmentimpl.obj
c:\works\2. project\anoto_git\newlibs\xerces-c-3.1.4\build\win32\vc14\static debug\obj\xerceslib\domimplementationimpl.obj
c:\works\2. project\anoto_git\newlibs\xerces-c-3.1.4\build\win32\vc14\static debug\obj\xerceslib\domnormalizer.obj
c:\works\2. project\anoto_git\newlibs\xerces-c-3.1.4\build\win32\vc14\static debug\obj\xerceslib\domxpathresultimpl.obj
c:\works\2. project\anoto_git\newlibs\xerces-c-3.1.4\build\win32\vc14\static debug\obj\xerceslib\xincludelocation.obj
c:\works\2. project\anoto_git\newlibs\xerces-c-3.1.4\build\win32\vc14\static debug\obj\xerceslib\xerceslib_vc143.pdb
c:\works\2. project\anoto_git\newlibs\xerces-c-3.1.4\src\xercesc\util\xerces_autoconf_config.hpp
c:\works\2. project\anoto_git\newlibs\xerces-c-3.1.4\build\win32\vc14\static debug\xerces-c_static_3d.lib
c:\works\2. project\anoto_git\newlibs\xerces-c-3.1.4\build\win32\vc14\static debug\obj\xerceslib\xerceslib.tlog\cl.22116.write.1.tlog
c:\works\2. project\anoto_git\newlibs\xerces-c-3.1.4\build\win32\vc14\static debug\obj\xerceslib\xerceslib.tlog\cl.command.1.tlog
c:\works\2. project\anoto_git\newlibs\xerces-c-3.1.4\build\win32\vc14\static debug\obj\xerceslib\xerceslib.tlog\cl.read.1.tlog
c:\works\2. project\anoto_git\newlibs\xerces-c-3.1.4\build\win32\vc14\static debug\obj\xerceslib\xerceslib.tlog\custombuild.command.1.tlog
c:\works\2. project\anoto_git\newlibs\xerces-c-3.1.4\build\win32\vc14\static debug\obj\xerceslib\xerceslib.tlog\custombuild.read.1.tlog
c:\works\2. project\anoto_git\newlibs\xerces-c-3.1.4\build\win32\vc14\static debug\obj\xerceslib\xerceslib.tlog\custombuild.write.1.tlog
c:\works\2. project\anoto_git\newlibs\xerces-c-3.1.4\build\win32\vc14\static debug\obj\xerceslib\xerceslib.tlog\lib-link.read.1.tlog
c:\works\2. project\anoto_git\newlibs\xerces-c-3.1.4\build\win32\vc14\static debug\obj\xerceslib\xerceslib.tlog\lib-link.write.1.tlog
c:\works\2. project\anoto_git\newlibs\xerces-c-3.1.4\build\win32\vc14\static debug\obj\xerceslib\xerceslib.tlog\lib.command.1.tlog
